TN:
SF:src/config/firebase.ts
FNF:0
FNH:0
DA:2,0
DA:5,0
DA:6,0
DA:10,0
DA:13,0
DA:16,0
DA:17,0
LF:7
LH:0
BRDA:5,0,0,0
BRF:1
BRH:0
end_of_record
TN:
SF:src/middleware/auth.ts
FN:12,validateAuthToken
FN:38,requirePermission
FN:39,(anonymous_2)
FN:74,requestLogger
FNF:4
FNH:0
FNDA:0,validateAuthToken
FNDA:0,requirePermission
FNDA:0,(anonymous_2)
FNDA:0,requestLogger
DA:2,0
DA:3,0
DA:12,0
DA:13,0
DA:15,0
DA:16,0
DA:17,0
DA:20,0
DA:22,0
DA:23,0
DA:24,0
DA:25,0
DA:27,0
DA:38,0
DA:39,0
DA:40,0
DA:41,0
DA:42,0
DA:45,0
DA:48,0
DA:50,0
DA:51,0
DA:55,0
DA:58,0
DA:60,0
DA:74,0
DA:75,0
DA:76,0
DA:77,0
DA:78,0
LF:30
LH:0
BRDA:15,0,0,0
BRDA:15,1,0,0
BRDA:15,1,1,0
BRDA:29,2,0,0
BRDA:29,2,1,0
BRDA:41,3,0,0
BRDA:50,4,0,0
BRDA:62,5,0,0
BRDA:62,5,1,0
BRF:9
BRH:0
end_of_record
TN:
SF:src/models/permissions.ts
FN:30,initializeUserPermissions
FN:76,getUserPermissions
FN:93,hasPermission
FN:103,addCustomPermission
FN:127,removeCustomPermission
FN:139,(anonymous_5)
FN:149,getUserFeatures
FN:167,(anonymous_7)
FN:169,(anonymous_8)
FN:173,(anonymous_9)
FNF:10
FNH:0
FNDA:0,initializeUserPermissions
FNDA:0,getUserPermissions
FNDA:0,hasPermission
FNDA:0,addCustomPermission
FNDA:0,removeCustomPermission
FNDA:0,(anonymous_5)
FNDA:0,getUserFeatures
FNDA:0,(anonymous_7)
FNDA:0,(anonymous_8)
FNDA:0,(anonymous_9)
DA:2,0
DA:5,0
DA:13,0
DA:20,0
DA:30,0
DA:32,0
DA:58,0
DA:61,0
DA:76,0
DA:77,0
DA:79,0
DA:80,0
DA:83,0
DA:84,0
DA:93,0
DA:94,0
DA:95,0
DA:103,0
DA:104,0
DA:105,0
DA:107,0
DA:108,0
DA:111,0
DA:112,0
DA:114,0
DA:115,0
DA:127,0
DA:128,0
DA:129,0
DA:131,0
DA:132,0
DA:135,0
DA:136,0
DA:138,0
DA:139,0
DA:149,0
DA:151,0
DA:163,0
DA:166,0
DA:169,0
DA:170,0
DA:173,0
DA:177,0
LF:43
LH:0
BRDA:58,0,0,0
BRDA:58,0,1,0
BRDA:79,1,0,0
BRDA:84,2,0,0
BRDA:84,2,1,0
BRDA:84,3,0,0
BRDA:84,3,1,0
BRDA:84,4,0,0
BRDA:84,4,1,0
BRDA:84,5,0,0
BRDA:84,5,1,0
BRDA:84,6,0,0
BRDA:84,6,1,0
BRDA:84,7,0,0
BRDA:84,7,1,0
BRDA:107,8,0,0
BRDA:112,9,0,0
BRDA:112,9,1,0
BRDA:112,10,0,0
BRDA:112,10,1,0
BRDA:112,11,0,0
BRDA:112,11,1,0
BRDA:114,12,0,0
BRDA:131,13,0,0
BRDA:136,14,0,0
BRDA:136,14,1,0
BRDA:136,15,0,0
BRDA:136,15,1,0
BRDA:136,16,0,0
BRDA:136,16,1,0
BRF:30
BRH:0
end_of_record
TN:
SF:src/models/users.ts
FN:10,getUserByEmail
FN:19,getUserById
FN:37,createCustomToken
FN:47,createUser
FNF:4
FNH:0
FNDA:0,getUserByEmail
FNDA:0,getUserById
FNDA:0,createCustomToken
FNDA:0,createUser
DA:1,0
DA:10,0
DA:11,0
DA:19,0
DA:20,0
DA:22,0
DA:23,0
DA:26,0
DA:37,0
DA:38,0
DA:47,0
DA:51,0
LF:12
LH:0
BRDA:22,0,0,0
BRF:1
BRH:0
end_of_record
TN:
SF:src/models/waitlist.ts
FN:9,addToWaitlist
FN:22,checkExistingEmail
FN:33,getAllWaitlistEntries
FN:35,(anonymous_3)
FNF:4
FNH:0
FNDA:0,addToWaitlist
FNDA:0,checkExistingEmail
FNDA:0,getAllWaitlistEntries
FNDA:0,(anonymous_3)
DA:1,0
DA:9,0
DA:10,0
DA:14,0
DA:22,0
DA:23,0
DA:26,0
DA:33,0
DA:34,0
DA:35,0
LF:10
LH:0
BRF:0
BRH:0
end_of_record
TN:
SF:src/routes/auth.ts
FN:6,(anonymous_0)
FNF:1
FNH:0
FNDA:0,(anonymous_0)
DA:1,0
DA:2,0
DA:4,0
DA:6,0
DA:7,0
DA:8,0
DA:10,0
DA:11,0
DA:16,0
DA:17,0
DA:19,0
DA:25,0
DA:30,0
LF:13
LH:0
BRDA:10,0,0,0
BRDA:10,1,0,0
BRDA:10,1,1,0
BRF:3
BRH:0
end_of_record
TN:
SF:src/routes/connect.ts
FN:14,(anonymous_0)
FN:35,(anonymous_1)
FN:57,(anonymous_2)
FN:78,(anonymous_3)
FN:100,(anonymous_4)
FNF:5
FNH:0
FNDA:0,(anonymous_0)
FNDA:0,(anonymous_1)
FNDA:0,(anonymous_2)
FNDA:0,(anonymous_3)
FNDA:0,(anonymous_4)
DA:1,0
DA:2,0
DA:3,0
DA:5,0
DA:8,0
DA:11,0
DA:15,0
DA:18,0
DA:23,0
DA:32,0
DA:36,0
DA:37,0
DA:41,0
DA:45,0
DA:54,0
DA:58,0
DA:61,0
DA:66,0
DA:75,0
DA:79,0
DA:80,0
DA:84,0
DA:88,0
DA:97,0
DA:101,0
DA:104,0
DA:109,0
DA:117,0
LF:28
LH:0
BRDA:25,0,0,0
BRDA:25,0,1,0
BRDA:47,1,0,0
BRDA:47,1,1,0
BRDA:68,2,0,0
BRDA:68,2,1,0
BRDA:90,3,0,0
BRDA:90,3,1,0
BRDA:111,4,0,0
BRDA:111,4,1,0
BRF:10
BRH:0
end_of_record
TN:
SF:src/routes/index.ts
FNF:0
FNH:0
DA:1,0
DA:2,0
DA:3,0
DA:4,0
DA:5,0
DA:7,0
DA:9,0
DA:10,0
DA:11,0
DA:12,0
DA:14,0
LF:11
LH:0
BRF:0
BRH:0
end_of_record
TN:
SF:src/routes/projects.ts
FN:30,(anonymous_0)
FN:49,(anonymous_1)
FN:70,(anonymous_2)
FN:91,(anonymous_3)
FN:109,(anonymous_4)
FN:130,(anonymous_5)
FN:151,(anonymous_6)
FN:169,(anonymous_7)
FN:196,(anonymous_8)
FN:222,(anonymous_9)
FN:240,(anonymous_10)
FNF:11
FNH:0
FNDA:0,(anonymous_0)
FNDA:0,(anonymous_1)
FNDA:0,(anonymous_2)
FNDA:0,(anonymous_3)
FNDA:0,(anonymous_4)
FNDA:0,(anonymous_5)
FNDA:0,(anonymous_6)
FNDA:0,(anonymous_7)
FNDA:0,(anonymous_8)
FNDA:0,(anonymous_9)
FNDA:0,(anonymous_10)
DA:1,0
DA:2,0
DA:15,0
DA:16,0
DA:21,0
DA:24,0
DA:27,0
DA:31,0
DA:34,0
DA:35,0
DA:37,0
DA:46,0
DA:50,0
DA:51,0
DA:52,0
DA:56,0
DA:58,0
DA:67,0
DA:71,0
DA:72,0
DA:73,0
DA:74,0
DA:79,0
DA:88,0
DA:92,0
DA:93,0
DA:94,0
DA:95,0
DA:97,0
DA:106,0
DA:110,0
DA:111,0
DA:112,0
DA:113,0
DA:114,0
DA:118,0
DA:127,0
DA:131,0
DA:132,0
DA:133,0
DA:135,0
DA:139,0
DA:148,0
DA:152,0
DA:153,0
DA:154,0
DA:155,0
DA:157,0
DA:166,0
DA:170,0
DA:171,0
DA:172,0
DA:173,0
DA:180,0
DA:184,0
DA:193,0
DA:197,0
DA:198,0
DA:199,0
DA:200,0
DA:205,0
DA:210,0
DA:219,0
DA:223,0
DA:224,0
DA:225,0
DA:226,0
DA:228,0
DA:237,0
DA:241,0
DA:242,0
DA:243,0
DA:244,0
DA:249,0
DA:254,0
DA:262,0
LF:76
LH:0
BRDA:39,0,0,0
BRDA:39,0,1,0
BRDA:60,1,0,0
BRDA:60,1,1,0
BRDA:81,2,0,0
BRDA:81,2,1,0
BRDA:99,3,0,0
BRDA:99,3,1,0
BRDA:120,4,0,0
BRDA:120,4,1,0
BRDA:141,5,0,0
BRDA:141,5,1,0
BRDA:159,6,0,0
BRDA:159,6,1,0
BRDA:186,7,0,0
BRDA:186,7,1,0
BRDA:212,8,0,0
BRDA:212,8,1,0
BRDA:230,9,0,0
BRDA:230,9,1,0
BRDA:256,10,0,0
BRDA:256,10,1,0
BRF:22
BRH:0
end_of_record
TN:
SF:src/routes/waitlist.ts
FN:7,(anonymous_0)
FNF:1
FNH:0
FNDA:0,(anonymous_0)
DA:1,0
DA:3,0
DA:5,0
DA:7,0
DA:8,0
DA:9,0
DA:11,0
DA:12,0
DA:15,0
DA:16,0
DA:17,0
DA:20,0
DA:29,0
DA:31,0
DA:37,0
DA:42,0
LF:16
LH:0
BRDA:11,0,0,0
BRDA:16,1,0,0
BRDA:44,2,0,0
BRDA:44,2,1,0
BRF:4
BRH:0
end_of_record
TN:
SF:src/services/authService.ts
FN:9,authenticateUser
FNF:1
FNH:0
FNDA:0,authenticateUser
DA:1,0
DA:9,0
DA:11,0
DA:14,0
DA:16,0
DA:17,0
DA:21,0
DA:24,0
LF:8
LH:0
BRDA:16,0,0,0
BRF:1
BRH:0
end_of_record
TN:
SF:src/services/firestoreService.ts
FN:21,convertDoc
FN:29,convertCollection
FN:30,(anonymous_2)
FN:38,createUser
FN:53,getUserById
FN:61,updateUser
FN:71,deleteUser
FN:78,getUsersByUniversity
FN:94,createUniversity
FN:109,getUniversityById
FN:117,updateUniversity
FN:127,deleteUniversity
FN:134,addUserToUniversity
FN:165,createDepartment
FN:187,getDepartmentById
FN:203,getDepartmentsByUniversity
FN:217,createProject
FN:238,getProjectById
FN:246,updateProject
FN:256,deleteProject
FN:273,getProjectsByMentor
FN:284,getActiveProjects
FN:295,addUserToProject
FN:322,removeUserFromProject
FN:329,(anonymous_24)
FN:350,createPosition
FN:371,getPositionById
FN:387,getPositionsByProject
FN:399,updatePosition
FN:414,deletePosition
FN:427,createApplication
FN:467,getApplicationById
FN:493,getApplicationsByPosition
FN:504,(anonymous_33)
FN:515,getApplicationsByStudent
FN:534,(anonymous_35)
FN:551,updateApplicationStatus
FN:593,createUserAction
FN:602,getUserActionsByUser
FN:614,getUserActionsByProject
FN:628,addOnboardingMaterial
FN:653,getOnboardingMaterialsByProject
FN:659,(anonymous_42)
FN:665,deleteOnboardingMaterial
FNF:44
FNH:0
FNDA:0,convertDoc
FNDA:0,convertCollection
FNDA:0,(anonymous_2)
FNDA:0,createUser
FNDA:0,getUserById
FNDA:0,updateUser
FNDA:0,deleteUser
FNDA:0,getUsersByUniversity
FNDA:0,createUniversity
FNDA:0,getUniversityById
FNDA:0,updateUniversity
FNDA:0,deleteUniversity
FNDA:0,addUserToUniversity
FNDA:0,createDepartment
FNDA:0,getDepartmentById
FNDA:0,getDepartmentsByUniversity
FNDA:0,createProject
FNDA:0,getProjectById
FNDA:0,updateProject
FNDA:0,deleteProject
FNDA:0,getProjectsByMentor
FNDA:0,getActiveProjects
FNDA:0,addUserToProject
FNDA:0,removeUserFromProject
FNDA:0,(anonymous_24)
FNDA:0,createPosition
FNDA:0,getPositionById
FNDA:0,getPositionsByProject
FNDA:0,updatePosition
FNDA:0,deletePosition
FNDA:0,createApplication
FNDA:0,getApplicationById
FNDA:0,getApplicationsByPosition
FNDA:0,(anonymous_33)
FNDA:0,getApplicationsByStudent
FNDA:0,(anonymous_35)
FNDA:0,updateApplicationStatus
FNDA:0,createUserAction
FNDA:0,getUserActionsByUser
FNDA:0,getUserActionsByProject
FNDA:0,addOnboardingMaterial
FNDA:0,getOnboardingMaterialsByProject
FNDA:0,(anonymous_42)
FNDA:0,deleteOnboardingMaterial
DA:1,0
DA:11,0
DA:22,0
DA:23,0
DA:30,0
DA:38,0
DA:39,0
DA:41,0
DA:53,0
DA:54,0
DA:55,0
DA:61,0
DA:62,0
DA:71,0
DA:72,0
DA:78,0
DA:79,0
DA:81,0
DA:82,0
DA:85,0
DA:86,0
DA:94,0
DA:95,0
DA:97,0
DA:103,0
DA:109,0
DA:110,0
DA:111,0
DA:117,0
DA:118,0
DA:127,0
DA:128,0
DA:134,0
DA:135,0
DA:136,0
DA:139,0
DA:145,0
DA:146,0
DA:149,0
DA:150,0
DA:153,0
DA:154,0
DA:165,0
DA:169,0
DA:171,0
DA:181,0
DA:187,0
DA:191,0
DA:197,0
DA:203,0
DA:204,0
DA:209,0
DA:217,0
DA:218,0
DA:220,0
DA:228,0
DA:232,0
DA:238,0
DA:239,0
DA:240,0
DA:246,0
DA:247,0
DA:256,0
DA:257,0
DA:258,0
DA:260,0
DA:262,0
DA:267,0
DA:273,0
DA:274,0
DA:278,0
DA:284,0
DA:285,0
DA:289,0
DA:295,0
DA:301,0
DA:304,0
DA:314,0
DA:322,0
DA:323,0
DA:324,0
DA:326,0
DA:328,0
DA:329,0
DA:333,0
DA:338,0
DA:350,0
DA:354,0
DA:360,0
DA:365,0
DA:371,0
DA:375,0
DA:381,0
DA:387,0
DA:388,0
DA:393,0
DA:399,0
DA:404,0
DA:414,0
DA:415,0
DA:427,0
DA:432,0
DA:434,0
DA:441,0
DA:449,0
DA:454,0
DA:461,0
DA:467,0
DA:472,0
DA:480,0
DA:482,0
DA:493,0
DA:497,0
DA:504,0
DA:515,0
DA:517,0
DA:520,0
DA:523,0
DA:524,0
DA:525,0
DA:527,0
DA:528,0
DA:529,0
DA:534,0
DA:535,0
DA:545,0
DA:551,0
DA:558,0
DA:559,0
DA:564,0
DA:565,0
DA:568,0
DA:577,0
DA:578,0
DA:593,0
DA:594,0
DA:596,0
DA:602,0
DA:603,0
DA:608,0
DA:614,0
DA:615,0
DA:620,0
DA:628,0
DA:632,0
DA:634,0
DA:643,0
DA:647,0
DA:653,0
DA:654,0
DA:659,0
DA:665,0
DA:666,0
LF:153
LH:0
BRDA:22,0,0,0
BRDA:81,1,0,0
BRDA:145,2,0,0
BRDA:145,2,1,0
BRDA:149,3,0,0
BRDA:149,3,1,0
BRDA:153,4,0,0
BRDA:260,5,0,0
BRDA:326,6,0,0
BRDA:326,7,0,0
BRDA:326,7,1,0
BRDA:480,8,0,0
BRDA:564,9,0,0
BRDA:577,10,0,0
BRF:14
BRH:0
end_of_record
TN:
SF:src/services/projectsService.ts
FN:30,createProject
FN:64,updateProject
FN:132,getProjectById
FN:162,getUserProjects
FN:200,(anonymous_13)
FN:228,(anonymous_14)
FN:246,getProjectApplications
FN:282,(anonymous_16)
FN:301,updateApplicationStatus
FN:405,addOnboardingMaterial
FN:455,getOnboardingMaterials
FN:480,(anonymous_20)
FN:498,applyToProject
FN:588,getAllProjects
FN:599,(anonymous_23)
FN:615,deleteProject
FNF:16
FNH:0
FNDA:0,createProject
FNDA:0,updateProject
FNDA:0,getProjectById
FNDA:0,getUserProjects
FNDA:0,(anonymous_13)
FNDA:0,(anonymous_14)
FNDA:0,getProjectApplications
FNDA:0,(anonymous_16)
FNDA:0,updateApplicationStatus
FNDA:0,addOnboardingMaterial
FNDA:0,getOnboardingMaterials
FNDA:0,(anonymous_20)
FNDA:0,applyToProject
FNDA:0,getAllProjects
FNDA:0,(anonymous_23)
FNDA:0,deleteProject
DA:2,0
DA:3,0
DA:6,0
DA:7,0
DA:30,0
DA:32,0
DA:33,0
DA:34,0
DA:37,0
DA:39,0
DA:50,0
DA:55,0
DA:64,0
DA:70,0
DA:71,0
DA:72,0
DA:76,0
DA:78,0
DA:79,0
DA:82,0
DA:83,0
DA:84,0
DA:88,0
DA:89,0
DA:90,0
DA:93,0
DA:96,0
DA:97,0
DA:98,0
DA:101,0
DA:108,0
DA:109,0
DA:117,0
DA:118,0
DA:132,0
DA:134,0
DA:135,0
DA:136,0
DA:139,0
DA:141,0
DA:142,0
DA:145,0
DA:146,0
DA:147,0
DA:150,0
DA:162,0
DA:167,0
DA:168,0
DA:169,0
DA:173,0
DA:175,0
DA:176,0
DA:179,0
DA:180,0
DA:181,0
DA:185,0
DA:187,0
DA:188,0
DA:191,0
DA:194,0
DA:195,0
DA:200,0
DA:201,0
DA:205,0
DA:207,0
DA:208,0
DA:213,0
DA:214,0
DA:218,0
DA:221,0
DA:222,0
DA:224,0
DA:228,0
DA:229,0
DA:230,0
DA:237,0
DA:246,0
DA:251,0
DA:252,0
DA:253,0
DA:257,0
DA:259,0
DA:260,0
DA:263,0
DA:264,0
DA:265,0
DA:268,0
DA:270,0
DA:271,0
DA:275,0
DA:280,0
DA:282,0
DA:283,0
DA:284,0
DA:290,0
DA:301,0
DA:309,0
DA:310,0
DA:311,0
DA:315,0
DA:317,0
DA:318,0
DA:321,0
DA:322,0
DA:323,0
DA:326,0
DA:328,0
DA:329,0
DA:333,0
DA:338,0
DA:340,0
DA:341,0
DA:344,0
DA:345,0
DA:350,0
DA:351,0
DA:354,0
DA:357,0
DA:358,0
DA:359,0
DA:360,0
DA:363,0
DA:365,0
DA:367,0
DA:369,0
DA:370,0
DA:371,0
DA:372,0
DA:376,0
DA:383,0
DA:389,0
DA:405,0
DA:411,0
DA:412,0
DA:413,0
DA:417,0
DA:419,0
DA:420,0
DA:423,0
DA:424,0
DA:425,0
DA:428,0
DA:430,0
DA:431,0
DA:434,0
DA:437,0
DA:446,0
DA:455,0
DA:460,0
DA:461,0
DA:462,0
DA:466,0
DA:468,0
DA:469,0
DA:473,0
DA:478,0
DA:480,0
DA:481,0
DA:482,0
DA:488,0
DA:498,0
DA:504,0
DA:505,0
DA:506,0
DA:510,0
DA:512,0
DA:513,0
DA:516,0
DA:517,0
DA:518,0
DA:522,0
DA:523,0
DA:527,0
DA:528,0
DA:530,0
DA:531,0
DA:536,0
DA:542,0
DA:543,0
DA:547,0
DA:549,0
DA:550,0
DA:553,0
DA:554,0
DA:555,0
DA:559,0
DA:561,0
DA:574,0
DA:579,0
DA:588,0
DA:590,0
DA:591,0
DA:592,0
DA:595,0
DA:597,0
DA:599,0
DA:600,0
DA:601,0
DA:607,0
DA:615,0
DA:617,0
DA:618,0
DA:619,0
DA:623,0
DA:625,0
DA:626,0
DA:629,0
DA:630,0
DA:631,0
DA:635,0
DA:636,0
DA:637,0
DA:641,0
DA:648,0
LF:214
LH:0
BRDA:33,0,0,0
BRDA:44,1,0,0
BRDA:44,1,1,0
BRDA:45,2,0,0
BRDA:45,2,1,0
BRDA:46,3,0,0
BRDA:46,3,1,0
BRDA:71,4,0,0
BRDA:78,5,0,0
BRDA:83,6,0,0
BRDA:89,7,0,0
BRDA:89,8,0,0
BRDA:89,8,1,0
BRDA:96,9,0,0
BRDA:96,9,1,0
BRDA:97,10,0,0
BRDA:108,11,0,0
BRDA:108,12,0,0
BRDA:108,12,1,0
BRDA:117,13,0,0
BRDA:117,14,0,0
BRDA:117,14,1,0
BRDA:135,15,0,0
BRDA:141,16,0,0
BRDA:146,17,0,0
BRDA:168,18,0,0
BRDA:175,19,0,0
BRDA:180,20,0,0
BRDA:187,21,0,0
BRDA:187,21,1,0
BRDA:188,22,0,0
BRDA:188,22,1,0
BRDA:191,23,0,0
BRDA:191,23,1,0
BRDA:194,24,0,0
BRDA:194,25,0,0
BRDA:194,25,1,0
BRDA:197,26,0,0
BRDA:197,26,1,0
BRDA:205,27,0,0
BRDA:205,28,0,0
BRDA:205,28,1,0
BRDA:207,29,0,0
BRDA:207,29,1,0
BRDA:207,30,0,0
BRDA:207,30,1,0
BRDA:207,31,0,0
BRDA:207,31,1,0
BRDA:213,32,0,0
BRDA:252,33,0,0
BRDA:259,34,0,0
BRDA:264,35,0,0
BRDA:270,36,0,0
BRDA:270,37,0,0
BRDA:270,37,1,0
BRDA:310,38,0,0
BRDA:317,39,0,0
BRDA:322,40,0,0
BRDA:328,41,0,0
BRDA:328,42,0,0
BRDA:328,42,1,0
BRDA:340,43,0,0
BRDA:350,44,0,0
BRDA:357,45,0,0
BRDA:359,46,0,0
BRDA:365,47,0,0
BRDA:369,48,0,0
BRDA:371,49,0,0
BRDA:412,50,0,0
BRDA:419,51,0,0
BRDA:424,52,0,0
BRDA:430,53,0,0
BRDA:430,54,0,0
BRDA:430,54,1,0
BRDA:461,55,0,0
BRDA:468,56,0,0
BRDA:505,57,0,0
BRDA:512,58,0,0
BRDA:517,59,0,0
BRDA:522,60,0,0
BRDA:527,61,0,0
BRDA:528,62,0,0
BRDA:528,62,1,0
BRDA:528,63,0,0
BRDA:528,63,1,0
BRDA:530,64,0,0
BRDA:530,65,0,0
BRDA:530,65,1,0
BRDA:542,66,0,0
BRDA:549,67,0,0
BRDA:554,68,0,0
BRDA:591,69,0,0
BRDA:618,70,0,0
BRDA:625,71,0,0
BRDA:630,72,0,0
BRDA:636,73,0,0
BRDA:636,74,0,0
BRDA:636,74,1,0
BRF:98
BRH:0
end_of_record
TN:
SF:src/triggers/firestoreTriggers.ts
FN:15,(anonymous_9)
FN:67,(anonymous_10)
FN:91,(anonymous_11)
FN:96,(anonymous_12)
FN:97,(anonymous_13)
FN:131,(anonymous_14)
FNF:6
FNH:0
FNDA:0,(anonymous_9)
FNDA:0,(anonymous_10)
FNDA:0,(anonymous_11)
FNDA:0,(anonymous_12)
FNDA:0,(anonymous_13)
FNDA:0,(anonymous_14)
DA:1,0
DA:2,0
DA:3,0
DA:13,0
DA:16,0
DA:17,0
DA:19,0
DA:21,0
DA:31,0
DA:32,0
DA:35,0
DA:36,0
DA:37,0
DA:41,0
DA:42,0
DA:43,0
DA:47,0
DA:50,0
DA:53,0
DA:56,0
DA:65,0
DA:68,0
DA:69,0
DA:71,0
DA:73,0
DA:74,0
DA:81,0
DA:87,0
DA:89,0
DA:91,0
DA:92,0
DA:93,0
DA:96,0
DA:97,0
DA:98,0
DA:104,0
DA:105,0
DA:106,0
DA:118,0
DA:120,0
DA:129,0
DA:132,0
DA:133,0
DA:134,0
DA:137,0
DA:138,0
DA:141,0
DA:143,0
DA:144,0
DA:150,0
DA:151,0
DA:152,0
DA:155,0
DA:158,0
DA:171,0
DA:173,0
DA:175,0
DA:176,0
DA:179,0
DA:189,0
DA:195,0
LF:61
LH:0
BRDA:31,0,0,0
BRDA:31,0,1,0
BRDA:35,1,0,0
BRDA:35,1,1,0
BRDA:36,2,0,0
BRDA:36,2,1,0
BRDA:42,3,0,0
BRDA:73,4,0,0
BRDA:89,5,0,0
BRDA:89,5,1,0
BRDA:93,6,0,0
BRDA:93,6,1,0
BRDA:98,7,0,0
BRDA:98,7,1,0
BRDA:104,8,0,0
BRDA:104,9,0,0
BRDA:104,9,1,0
BRDA:137,10,0,0
BRDA:150,11,0,0
BRDA:150,12,0,0
BRDA:150,12,1,0
BRDA:171,13,0,0
BRDA:171,14,0,0
BRDA:171,14,1,0
BRDA:175,15,0,0
BRDA:183,16,0,0
BRDA:183,16,1,0
BRDA:183,17,0,0
BRDA:183,17,1,0
BRDA:183,18,0,0
BRDA:183,18,1,0
BRF:31
BRH:0
end_of_record
TN:
SF:src/types/index.ts
FN:7,(anonymous_4)
FN:8,(anonymous_5)
FN:14,(anonymous_6)
FN:15,(anonymous_7)
FN:19,(anonymous_8)
FN:20,(anonymous_9)
FN:21,(anonymous_10)
FNF:7
FNH:0
FNDA:0,(anonymous_4)
FNDA:0,(anonymous_5)
FNDA:0,(anonymous_6)
FNDA:0,(anonymous_7)
FNDA:0,(anonymous_8)
FNDA:0,(anonymous_9)
FNDA:0,(anonymous_10)
DA:2,0
DA:3,0
DA:4,0
DA:6,0
DA:7,0
DA:8,0
DA:10,0
DA:11,0
DA:13,0
DA:14,0
DA:15,0
DA:18,0
DA:19,0
DA:20,0
DA:21,0
DA:23,0
DA:24,0
LF:17
LH:0
BRF:0
BRH:0
end_of_record
TN:
SF:src/types/permissions.ts
FNF:0
FNH:0
DA:18,0
DA:27,0
DA:34,0
DA:56,0
DA:94,0
LF:5
LH:0
BRF:0
BRH:0
end_of_record
TN:
SF:src/utils/firestoreArrays.ts
FN:11,addToArray
FN:29,removeFromArray
FN:46,addUserToProjectTeam
FN:75,removeUserFromProjectTeam
FN:93,(anonymous_4)
FN:113,saveProjectForStudent
FN:135,removeSavedProjectForStudent
FN:158,addFacultyToDepartment
FN:185,removeFacultyFromDepartment
FNF:9
FNH:4
FNDA:1,addToArray
FNDA:1,removeFromArray
FNDA:1,addUserToProjectTeam
FNDA:0,removeUserFromProjectTeam
FNDA:0,(anonymous_4)
FNDA:1,saveProjectForStudent
FNDA:0,removeSavedProjectForStudent
FNDA:0,addFacultyToDepartment
FNDA:0,removeFacultyFromDepartment
DA:1,1
DA:2,1
DA:11,1
DA:17,1
DA:29,1
DA:35,1
DA:46,1
DA:55,1
DA:60,1
DA:65,1
DA:75,1
DA:80,0
DA:81,0
DA:82,0
DA:85,0
DA:86,0
DA:87,0
DA:91,0
DA:92,0
DA:93,0
DA:97,0
DA:102,0
DA:113,1
DA:117,1
DA:122,1
DA:135,1
DA:139,0
DA:144,0
DA:158,1
DA:164,0
DA:174,0
DA:185,1
DA:191,0
DA:201,0
LF:34
LH:17
BRDA:81,0,0,0
BRDA:86,1,0,0
BRDA:91,2,0,0
BRDA:91,2,1,0
BRF:4
BRH:0
end_of_record
TN:
SF:src/utils/firestoreBatch.ts
FN:17,(anonymous_0)
FN:28,(anonymous_1)
FN:42,(anonymous_2)
FN:57,(anonymous_3)
FN:67,(anonymous_4)
FN:77,(anonymous_5)
FN:89,(anonymous_6)
FN:100,createBatchManager
FN:109,deleteCollection
FN:116,(anonymous_9)
FN:128,deleteQueryBatch
FN:145,(anonymous_11)
FN:153,(anonymous_12)
FN:167,migrateCollection
FNF:14
FNH:7
FNDA:3,(anonymous_0)
FNDA:3,(anonymous_1)
FNDA:0,(anonymous_2)
FNDA:4,(anonymous_3)
FNDA:0,(anonymous_4)
FNDA:3,(anonymous_5)
FNDA:7,(anonymous_6)
FNDA:1,createBatchManager
FNDA:0,deleteCollection
FNDA:0,(anonymous_9)
FNDA:0,deleteQueryBatch
FNDA:0,(anonymous_11)
FNDA:0,(anonymous_12)
FNDA:1,migrateCollection
DA:1,1
DA:12,1
DA:15,3
DA:18,3
DA:19,3
DA:29,3
DA:30,3
DA:31,3
DA:32,3
DA:33,3
DA:47,0
DA:48,0
DA:49,0
DA:58,4
DA:59,4
DA:60,4
DA:68,0
DA:69,0
DA:70,0
DA:78,3
DA:79,3
DA:80,3
DA:81,3
DA:90,7
DA:91,0
DA:100,1
DA:101,1
DA:109,1
DA:113,0
DA:114,0
DA:116,0
DA:117,0
DA:134,0
DA:135,0
DA:138,0
DA:139,0
DA:140,0
DA:144,0
DA:145,0
DA:146,0
DA:149,0
DA:153,0
DA:154,0
DA:157,0
DA:167,1
DA:172,1
DA:173,1
DA:174,1
DA:175,1
DA:177,1
DA:178,1
DA:179,0
DA:182,1
DA:183,1
DA:184,0
DA:187,1
DA:189,1
DA:190,3
DA:191,3
DA:193,3
DA:194,3
DA:195,3
DA:198,1
DA:200,1
DA:201,1
DA:205,1
LF:66
LH:41
BRDA:47,0,0,0
BRDA:47,0,1,0
BRDA:78,1,0,3
BRDA:90,2,0,0
BRDA:111,3,0,0
BRDA:138,4,0,0
BRDA:170,5,0,1
BRDA:178,6,0,0
BRDA:183,7,0,0
BRDA:200,8,0,1
BRF:10
BRH:3
end_of_record
TN:
SF:src/utils/firestoreQueries.ts
FN:13,getAllActiveProjectsWithPositions
FN:20,(anonymous_1)
FN:26,(anonymous_2)
FN:41,getProjectsMatchingStudentInterests
FN:60,(anonymous_4)
FN:77,(anonymous_5)
FN:96,(anonymous_6)
FN:97,(anonymous_7)
FN:100,(anonymous_8)
FN:104,(anonymous_9)
FN:107,(anonymous_10)
FN:118,getStudentApplicationProjects
FN:166,(anonymous_12)
FN:174,getStudentSavedProjects
FN:200,(anonymous_14)
FN:212,getFacultyProjectsWithApplications
FN:230,(anonymous_16)
FN:236,(anonymous_17)
FN:241,(anonymous_18)
FN:267,searchProjects
FN:274,(anonymous_20)
FN:288,(anonymous_21)
FN:289,(anonymous_22)
FN:295,(anonymous_23)
FN:310,getUniversityStats
FN:351,(anonymous_25)
FNF:26
FNH:13
FNDA:1,getAllActiveProjectsWithPositions
FNDA:1,(anonymous_1)
FNDA:1,(anonymous_2)
FNDA:1,getProjectsMatchingStudentInterests
FNDA:0,(anonymous_4)
FNDA:0,(anonymous_5)
FNDA:1,(anonymous_6)
FNDA:1,(anonymous_7)
FNDA:1,(anonymous_8)
FNDA:0,(anonymous_9)
FNDA:1,(anonymous_10)
FNDA:0,getStudentApplicationProjects
FNDA:0,(anonymous_12)
FNDA:0,getStudentSavedProjects
FNDA:0,(anonymous_14)
FNDA:0,getFacultyProjectsWithApplications
FNDA:0,(anonymous_16)
FNDA:0,(anonymous_17)
FNDA:0,(anonymous_18)
FNDA:1,searchProjects
FNDA:2,(anonymous_20)
FNDA:1,(anonymous_21)
FNDA:1,(anonymous_22)
FNDA:1,(anonymous_23)
FNDA:0,getUniversityStats
FNDA:0,(anonymous_25)
DA:1,1
DA:13,1
DA:14,1
DA:19,1
DA:21,1
DA:24,1
DA:25,1
DA:26,1
DA:29,1
DA:33,1
DA:41,1
DA:43,1
DA:44,1
DA:45,0
DA:48,1
DA:49,1
DA:51,1
DA:53,0
DA:59,0
DA:60,0
DA:65,1
DA:68,1
DA:69,0
DA:76,0
DA:77,0
DA:82,1
DA:83,0
DA:88,1
DA:95,1
DA:96,1
DA:99,1
DA:100,1
DA:104,1
DA:105,1
DA:107,1
DA:110,1
DA:118,1
DA:131,0
DA:134,0
DA:137,0
DA:138,0
DA:139,0
DA:141,0
DA:142,0
DA:145,0
DA:150,0
DA:151,0
DA:152,0
DA:154,0
DA:166,0
DA:174,1
DA:176,0
DA:177,0
DA:178,0
DA:181,0
DA:182,0
DA:184,0
DA:185,0
DA:190,0
DA:193,0
DA:194,0
DA:195,0
DA:199,0
DA:200,0
DA:204,0
DA:212,1
DA:225,0
DA:229,0
DA:231,0
DA:234,0
DA:235,0
DA:237,0
DA:240,0
DA:241,0
DA:242,0
DA:243,0
DA:251,0
DA:255,0
DA:259,0
DA:267,1
DA:268,1
DA:269,0
DA:273,1
DA:274,2
DA:276,1
DA:277,0
DA:281,1
DA:287,1
DA:288,1
DA:290,1
DA:291,1
DA:292,1
DA:295,1
DA:296,1
DA:302,1
DA:310,1
DA:322,0
DA:323,0
DA:324,0
DA:328,0
DA:329,0
DA:330,0
DA:333,0
DA:337,0
DA:340,0
DA:349,0
DA:351,0
DA:352,0
DA:353,0
DA:361,0
DA:363,0
DA:364,0
DA:366,0
DA:367,0
DA:368,0
DA:372,0
LF:116
LH:46
BRDA:44,0,0,0
BRDA:49,1,0,1
BRDA:49,1,1,0
BRDA:51,2,0,0
BRDA:68,3,0,0
BRDA:82,4,0,0
BRDA:99,5,0,1
BRDA:99,5,1,0
BRDA:150,6,0,0
BRDA:177,7,0,0
BRDA:182,8,0,0
BRDA:182,8,1,0
BRDA:182,9,0,0
BRDA:182,9,1,0
BRDA:182,10,0,0
BRDA:182,10,1,0
BRDA:184,11,0,0
BRDA:268,12,0,0
BRDA:268,13,0,1
BRDA:268,13,1,1
BRDA:276,14,0,0
BRDA:296,15,0,1
BRDA:296,15,1,0
BRDA:296,15,2,0
BRDA:323,16,0,0
BRDA:328,17,0,0
BRDA:328,17,1,0
BRDA:329,18,0,0
BRDA:329,18,1,0
BRDA:330,19,0,0
BRDA:330,19,1,0
BRDA:355,20,0,0
BRDA:355,20,1,0
BRDA:356,21,0,0
BRDA:356,21,1,0
BRF:35
BRH:5
end_of_record
TN:
SF:src/utils/firestoreRules.ts
FN:9,generateFirestoreRules
FN:142,deployFirestoreRules
FN:171,validateFirestoreRules
FNF:3
FNH:0
FNDA:0,generateFirestoreRules
FNDA:0,deployFirestoreRules
FNDA:0,validateFirestoreRules
DA:2,0
DA:3,0
DA:9,0
DA:12,0
DA:134,0
DA:135,0
DA:142,0
DA:145,0
DA:149,0
DA:150,0
DA:151,0
DA:154,0
DA:155,0
DA:156,0
DA:161,0
DA:162,0
DA:171,0
DA:174,0
DA:177,0
DA:180,0
DA:183,0
DA:184,0
DA:186,0
DA:187,0
DA:188,0
DA:192,0
DA:193,0
DA:194,0
DA:197,0
DA:198,0
DA:199,0
DA:202,0
DA:203,0
DA:205,0
DA:206,0
LF:35
LH:0
BRDA:10,0,0,0
BRDA:143,1,0,0
BRDA:172,2,0,0
BRDA:183,3,0,0
BRDA:183,3,1,0
BRDA:184,4,0,0
BRDA:184,4,1,0
BRDA:186,5,0,0
BRDA:192,6,0,0
BRDA:197,7,0,0
BRF:10
BRH:0
end_of_record
TN:
SF:src/utils/firestoreTransactions.ts
FN:19,updateProjectApplicationCount
FN:50,updateApplicationStatus
FN:109,transferPosition
FN:134,(anonymous_3)
FN:164,runTransaction
FN:180,(anonymous_5)
FN:193,createApplication
FNF:7
FNH:3
FNDA:0,updateProjectApplicationCount
FNDA:1,updateApplicationStatus
FNDA:0,transferPosition
FNDA:0,(anonymous_3)
FNDA:1,runTransaction
FNDA:1,(anonymous_5)
FNDA:0,createApplication
DA:1,1
DA:2,1
DA:19,1
DA:24,0
DA:26,0
DA:27,0
DA:30,0
DA:31,0
DA:32,0
DA:35,0
DA:37,0
DA:50,1
DA:57,1
DA:59,1
DA:60,0
DA:63,1
DA:64,1
DA:65,0
DA:68,1
DA:76,1
DA:82,1
DA:90,1
DA:98,1
DA:99,1
DA:109,1
DA:116,0
DA:117,0
DA:118,0
DA:121,0
DA:122,0
DA:123,0
DA:127,0
DA:128,0
DA:129,0
DA:133,0
DA:134,0
DA:136,0
DA:137,0
DA:140,0
DA:143,0
DA:148,0
DA:153,0
DA:164,1
DA:168,1
DA:169,1
DA:171,1
DA:172,2
DA:173,2
DA:175,1
DA:176,1
DA:179,1
DA:180,1
DA:184,0
DA:193,1
DA:197,0
DA:199,0
DA:213,0
DA:221,0
DA:226,0
DA:227,0
DA:230,0
DA:231,0
DA:235,0
LF:63
LH:26
BRDA:22,0,0,0
BRDA:26,1,0,0
BRDA:31,2,0,0
BRDA:35,3,0,0
BRDA:35,3,1,0
BRDA:59,4,0,0
BRDA:64,5,0,0
BRDA:72,6,0,1
BRDA:72,6,1,0
BRDA:78,7,0,1
BRDA:78,7,1,1
BRDA:83,8,0,1
BRDA:83,8,1,0
BRDA:94,9,0,1
BRDA:94,9,1,0
BRDA:117,10,0,0
BRDA:122,11,0,0
BRDA:128,12,0,0
BRDA:133,13,0,0
BRDA:133,13,1,0
BRDA:136,14,0,0
BRDA:154,15,0,0
BRDA:154,15,1,0
BRDA:154,16,0,0
BRDA:154,16,1,0
BRDA:154,17,0,0
BRDA:154,17,1,0
BRDA:166,18,0,1
BRDA:184,19,0,0
BRDA:184,19,1,0
BRDA:232,20,0,0
BRDA:232,20,1,0
BRF:32
BRH:6
end_of_record
TN:
SF:src/utils/firestoreValidation.ts
FN:8,validateUser
FN:65,validateProject
FN:101,(anonymous_2)
FN:126,validateApplication
FN:163,validateDepartment
FN:193,validateUniversity
FN:223,isValidEmail
FN:233,sanitizeInput
FN:248,validateAndSanitize
FNF:9
FNH:5
FNDA:2,validateUser
FNDA:2,validateProject
FNDA:0,(anonymous_2)
FNDA:0,validateApplication
FNDA:0,validateDepartment
FNDA:0,validateUniversity
FNDA:2,isValidEmail
FNDA:3,sanitizeInput
FNDA:1,validateAndSanitize
DA:8,1
DA:12,2
DA:15,2
DA:16,2
DA:17,6
DA:18,1
DA:23,2
DA:24,1
DA:28,2
DA:29,1
DA:33,2
DA:34,1
DA:35,0
DA:38,1
DA:39,0
DA:44,2
DA:45,0
DA:46,0
DA:49,0
DA:50,0
DA:54,2
DA:65,1
DA:69,2
DA:72,2
DA:73,2
DA:74,10
DA:75,3
DA:80,2
DA:81,1
DA:85,2
DA:86,1
DA:90,2
DA:91,0
DA:92,2
DA:93,0
DA:97,2
DA:98,0
DA:99,0
DA:101,0
DA:102,0
DA:103,0
DA:105,0
DA:106,0
DA:108,0
DA:109,0
DA:115,2
DA:126,1
DA:130,0
DA:133,0
DA:134,0
DA:135,0
DA:136,0
DA:141,0
DA:143,0
DA:147,0
DA:149,0
DA:152,0
DA:163,1
DA:167,0
DA:170,0
DA:171,0
DA:172,0
DA:173,0
DA:178,0
DA:179,0
DA:182,0
DA:193,1
DA:197,0
DA:200,0
DA:201,0
DA:202,0
DA:203,0
DA:208,0
DA:209,0
DA:212,0
DA:224,2
DA:225,2
DA:233,1
DA:234,3
DA:248,1
DA:258,1
DA:261,1
DA:264,1
DA:265,2
DA:266,2
DA:270,1
LF:86
LH:43
BRDA:17,0,0,1
BRDA:23,1,0,1
BRDA:23,2,0,2
BRDA:23,2,1,2
BRDA:28,3,0,1
BRDA:28,4,0,2
BRDA:28,4,1,2
BRDA:33,5,0,1
BRDA:34,6,0,0
BRDA:38,7,0,0
BRDA:44,8,0,0
BRDA:45,9,0,0
BRDA:49,10,0,0
BRDA:74,11,0,3
BRDA:80,12,0,1
BRDA:80,13,0,2
BRDA:80,13,1,2
BRDA:80,13,2,1
BRDA:85,14,0,1
BRDA:85,15,0,2
BRDA:85,15,1,2
BRDA:85,15,2,1
BRDA:90,16,0,0
BRDA:90,16,1,2
BRDA:90,17,0,2
BRDA:90,17,1,0
BRDA:92,18,0,0
BRDA:92,19,0,2
BRDA:92,19,1,0
BRDA:97,20,0,0
BRDA:98,21,0,0
BRDA:98,21,1,0
BRDA:102,22,0,0
BRDA:105,23,0,0
BRDA:108,24,0,0
BRDA:135,25,0,0
BRDA:141,26,0,0
BRDA:141,27,0,0
BRDA:141,27,1,0
BRDA:141,27,2,0
BRDA:147,28,0,0
BRDA:147,29,0,0
BRDA:147,29,1,0
BRDA:172,30,0,0
BRDA:178,31,0,0
BRDA:178,32,0,0
BRDA:178,32,1,0
BRDA:178,32,2,0
BRDA:202,33,0,0
BRDA:208,34,0,0
BRDA:208,35,0,0
BRDA:208,35,1,0
BRDA:208,35,2,0
BRDA:251,36,0,0
BRDA:265,37,0,2
BRF:55
BRH:21
end_of_record
